<?xml version="1.0" encoding="UTF-8"?>
<!-- Generated by org.testng.reporters.JUnitReportReporter -->
<testsuite hostname="Rahul" failures="0" tests="1" name="ddt.ReadDataFromCmdLineTest" time="0.010" errors="0" timestamp="2022-09-09T11:45:38 IST" skipped="0">
  <testcase classname="ddt.ReadDataFromCmdLineTest" name="readData" time="0.010"/>
  <system-out/>
</testsuite> <!-- ddt.ReadDataFromCmdLineTest -->
